  0:00 ------------------------------------------------------------
  0:00 InitGame: \fs_game\mods/projectileweapons+pezbot\g_compassShowEnemies\0\g_gametype\war\gamename\Call of Duty 4\mapname\mp_strike\protocol\6\shortversion\1.7\sv_allowAnonymous\0\sv_disableClientConsole\0\sv_floodprotect\4\sv_hostname\CoD4Host\sv_maxclients\32\sv_maxPing\0\sv_maxRate\5000\sv_minPing\0\sv_privateClients\0\sv_punkbuster\0\sv_pure\1\sv_voice\0\ui_maxclients\32
  0:03 J;;0;sg
  0:15 J;;1;bot0
  0:15 J;;2;bot1
  0:30 D;;2;allies;bot1;;1;axis;bot0;saw_mp;31;MOD_RIFLE_BULLET;left_arm_upper
  0:30 D;;2;allies;bot1;;1;axis;bot0;saw_mp;30;MOD_RIFLE_BULLET;torso_lower
  0:31 D;;2;allies;bot1;;1;axis;bot0;saw_mp;31;MOD_RIFLE_BULLET;left_leg_lower
  0:31 K;;2;;bot1;;1;;bot0;saw_mp;30;MOD_RIFLE_BULLET;torso_upper
  0:39 D;;0;allies;sg;;1;axis;bot0;saw_mp;31;MOD_RIFLE_BULLET;right_arm_upper
  0:39 D;;0;allies;sg;;1;axis;bot0;saw_mp;31;MOD_RIFLE_BULLET;left_hand
  0:45 D;;2;allies;bot1;;1;axis;bot0;saw_mp;32;MOD_RIFLE_BULLET;left_arm_upper
  0:45 D;;2;allies;bot1;;1;axis;bot0;saw_mp;31;MOD_RIFLE_BULLET;torso_upper
  0:46 D;;2;allies;bot1;;1;axis;bot0;saw_mp;31;MOD_RIFLE_BULLET;torso_upper
  0:46 K;;2;;bot1;;1;;bot0;saw_mp;32;MOD_RIFLE_BULLET;left_arm_upper
  0:50 K;;0;;sg;;1;;bot0;saw_mp;650;MOD_HEAD_SHOT;head
  0:58 D;;2;allies;bot1;;1;axis;bot0;saw_mp;31;MOD_RIFLE_BULLET;torso_upper
  0:58 D;;2;allies;bot1;;1;axis;bot0;saw_mp;31;MOD_RIFLE_BULLET;torso_lower
  0:58 D;;2;allies;bot1;;1;axis;bot0;saw_mp;31;MOD_RIFLE_BULLET;torso_upper
  0:59 K;;2;;bot1;;1;;bot0;saw_mp;32;MOD_RIFLE_BULLET;left_arm_lower
  1:17 Weapon;;0;sg;mp5_mp
  1:18 D;;2;allies;bot1;;1;axis;bot0;saw_mp;32;MOD_RIFLE_BULLET;left_arm_upper
  1:19 D;;2;allies;bot1;;1;axis;bot0;saw_mp;31;MOD_RIFLE_BULLET;torso_lower
  1:19 D;;2;allies;bot1;;1;axis;bot0;saw_mp;31;MOD_RIFLE_BULLET;torso_upper
  1:19 K;;2;;bot1;;1;;bot0;saw_mp;32;MOD_RIFLE_BULLET;left_arm_lower
  1:20 Weapon;;0;sg;mp5_mp
  1:23 Weapon;;1;bot0;g36c_mp
  1:23 D;;0;allies;sg;;1;axis;bot0;saw_mp;32;MOD_RIFLE_BULLET;left_arm_upper
  1:24 D;;1;axis;bot0;;0;allies;sg;mp5_mp;37;MOD_RIFLE_BULLET;left_arm_upper
  1:24 D;;0;allies;sg;;1;axis;bot0;saw_mp;32;MOD_RIFLE_BULLET;left_arm_lower
  1:25 D;;0;allies;sg;;1;axis;bot0;saw_mp;32;MOD_RIFLE_BULLET;left_arm_upper
  1:25 K;;0;;sg;;1;;bot0;saw_mp;31;MOD_RIFLE_BULLET;torso_lower
  1:27 D;;2;allies;bot1;;1;axis;bot0;saw_mp;31;MOD_RIFLE_BULLET;torso_lower
  1:28 D;;2;allies;bot1;;1;axis;bot0;saw_mp;31;MOD_RIFLE_BULLET;torso_lower
  1:28 D;;2;allies;bot1;;1;axis;bot0;saw_mp;32;MOD_RIFLE_BULLET;right_leg_upper
  1:28 K;;2;;bot1;;1;;bot0;saw_mp;32;MOD_RIFLE_BULLET;left_arm_upper
  1:37 D;;0;allies;sg;;-1;world;;cobra_20mm_mp;10;MOD_RIFLE_BULLET;torso_lower
  1:37 D;;0;allies;sg;;-1;world;;cobra_20mm_mp;10;MOD_RIFLE_BULLET;torso_lower
  1:37 D;;0;allies;sg;;-1;world;;cobra_20mm_mp;10;MOD_RIFLE_BULLET;torso_lower
  1:37 D;;0;allies;sg;;-1;world;;cobra_20mm_mp;10;MOD_RIFLE_BULLET;torso_lower
  1:37 D;;0;allies;sg;;-1;world;;cobra_20mm_mp;10;MOD_RIFLE_BULLET;torso_lower
  1:37 D;;0;allies;sg;;-1;world;;cobra_20mm_mp;10;MOD_RIFLE_BULLET;torso_lower
  1:37 D;;0;allies;sg;;-1;world;;cobra_20mm_mp;10;MOD_RIFLE_BULLET;torso_lower
  1:37 D;;0;allies;sg;;-1;world;;cobra_20mm_mp;10;MOD_RIFLE_BULLET;torso_lower
  1:38 D;;0;allies;sg;;-1;world;;cobra_20mm_mp;10;MOD_RIFLE_BULLET;torso_lower
  1:38 K;;0;;sg;;1;;bot0;cobra_20mm_mp;10;MOD_RIFLE_BULLET;torso_lower
  1:44 D;;2;allies;bot1;;1;axis;bot0;saw_mp;30;MOD_RIFLE_BULLET;torso_upper
  1:44 D;;2;allies;bot1;;1;axis;bot0;saw_mp;31;MOD_RIFLE_BULLET;left_arm_lower
  1:48 D;;2;allies;bot1;;-1;world;;cobra_20mm_mp;2;MOD_RIFLE_BULLET;left_arm_lower
  1:48 D;;2;allies;bot1;;-1;world;;cobra_20mm_mp;2;MOD_RIFLE_BULLET;left_arm_lower
  1:51 D;;0;allies;sg;;-1;world;;cobra_20mm_mp;5;MOD_RIFLE_BULLET;right_arm_lower
  1:51 D;;0;allies;sg;;-1;world;;cobra_20mm_mp;5;MOD_RIFLE_BULLET;right_arm_lower
  1:51 D;;0;allies;sg;;-1;world;;cobra_20mm_mp;5;MOD_RIFLE_BULLET;right_arm_lower
  1:51 D;;0;allies;sg;;-1;world;;cobra_20mm_mp;5;MOD_RIFLE_BULLET;right_hand
  1:51 D;;0;allies;sg;;-1;world;;cobra_20mm_mp;5;MOD_RIFLE_BULLET;right_hand
  1:51 D;;0;allies;sg;;-1;world;;cobra_20mm_mp;5;MOD_RIFLE_BULLET;right_arm_lower
  1:51 D;;0;allies;sg;;-1;world;;cobra_20mm_mp;5;MOD_RIFLE_BULLET;right_arm_lower
  1:51 D;;0;allies;sg;;-1;world;;cobra_20mm_mp;5;MOD_RIFLE_BULLET;torso_lower
  1:51 D;;0;allies;sg;;-1;world;;cobra_20mm_mp;5;MOD_RIFLE_BULLET;torso_lower
  1:51 D;;0;allies;sg;;-1;world;;cobra_20mm_mp;5;MOD_RIFLE_BULLET;torso_lower
  1:51 D;;0;allies;sg;;-1;world;;cobra_20mm_mp;5;MOD_HEAD_SHOT;head
  1:51 D;;0;allies;sg;;-1;world;;cobra_20mm_mp;5;MOD_HEAD_SHOT;head
  1:51 D;;0;allies;sg;;-1;world;;cobra_20mm_mp;5;MOD_RIFLE_BULLET;torso_lower
  1:51 D;;0;allies;sg;;-1;world;;cobra_20mm_mp;5;MOD_RIFLE_BULLET;torso_lower
  1:51 D;;0;allies;sg;;-1;world;;cobra_20mm_mp;5;MOD_RIFLE_BULLET;torso_lower
  1:51 D;;0;allies;sg;;-1;world;;cobra_20mm_mp;5;MOD_RIFLE_BULLET;torso_lower
  1:51 D;;0;allies;sg;;-1;world;;cobra_20mm_mp;5;MOD_RIFLE_BULLET;torso_lower
  1:51 D;;0;allies;sg;;-1;world;;cobra_20mm_mp;5;MOD_RIFLE_BULLET;torso_lower
  1:52 D;;0;allies;sg;;-1;world;;cobra_20mm_mp;5;MOD_RIFLE_BULLET;torso_lower
  1:52 K;;0;;sg;;1;;bot0;cobra_20mm_mp;5;MOD_RIFLE_BULLET;right_hand
  1:52 K;;2;;bot1;;1;;bot0;saw_mp;630;MOD_HEAD_SHOT;head
  2:02 D;;2;allies;bot1;;-1;world;;cobra_20mm_mp;10;MOD_RIFLE_BULLET;left_leg_upper
  2:02 D;;2;allies;bot1;;-1;world;;cobra_20mm_mp;10;MOD_RIFLE_BULLET;left_leg_upper
  2:02 D;;2;allies;bot1;;-1;world;;cobra_20mm_mp;10;MOD_RIFLE_BULLET;left_leg_upper
  2:02 D;;2;allies;bot1;;-1;world;;cobra_20mm_mp;10;MOD_RIFLE_BULLET;left_leg_upper
  2:02 D;;2;allies;bot1;;-1;world;;cobra_20mm_mp;10;MOD_RIFLE_BULLET;left_leg_upper
  2:02 D;;2;allies;bot1;;-1;world;;cobra_20mm_mp;10;MOD_RIFLE_BULLET;left_leg_upper
  2:02 D;;2;allies;bot1;;-1;world;;cobra_20mm_mp;10;MOD_RIFLE_BULLET;torso_upper
  2:02 D;;2;allies;bot1;;-1;world;;cobra_20mm_mp;10;MOD_RIFLE_BULLET;left_leg_upper
  2:02 K;;2;;bot1;;1;;bot0;saw_mp;31;MOD_RIFLE_BULLET;torso_upper
  2:09 Weapon;;1;bot0;g36c_mp
  2:11 K;;1;;bot0;;0;;sg;gl_m16_mp;284;MOD_RIFLE_BULLET;none
  2:25 D;;2;allies;bot1;;-1;world;;cobra_20mm_mp;10;MOD_RIFLE_BULLET;left_arm_lower
  2:26 D;;2;allies;bot1;;-1;world;;cobra_20mm_mp;10;MOD_RIFLE_BULLET;left_arm_lower
  2:26 D;;2;allies;bot1;;-1;world;;cobra_20mm_mp;10;MOD_RIFLE_BULLET;left_arm_lower
  2:26 D;;2;allies;bot1;;-1;world;;cobra_20mm_mp;10;MOD_RIFLE_BULLET;left_arm_lower
  2:26 D;;2;allies;bot1;;-1;world;;cobra_20mm_mp;10;MOD_RIFLE_BULLET;left_arm_lower
  2:26 D;;2;allies;bot1;;-1;world;;cobra_20mm_mp;10;MOD_RIFLE_BULLET;left_arm_lower
  2:26 D;;2;allies;bot1;;-1;world;;cobra_20mm_mp;10;MOD_RIFLE_BULLET;left_arm_lower
  2:26 D;;2;allies;bot1;;-1;world;;cobra_20mm_mp;10;MOD_RIFLE_BULLET;left_hand
  2:26 D;;2;allies;bot1;;-1;world;;cobra_20mm_mp;10;MOD_RIFLE_BULLET;left_hand
  2:26 K;;2;;bot1;;1;;bot0;cobra_20mm_mp;10;MOD_RIFLE_BULLET;torso_lower
  2:34 D;;2;allies;bot1;;-1;world;;cobra_20mm_mp;10;MOD_RIFLE_BULLET;torso_lower
  2:34 D;;2;allies;bot1;;-1;world;;cobra_20mm_mp;10;MOD_RIFLE_BULLET;torso_lower
  2:34 D;;2;allies;bot1;;-1;world;;cobra_20mm_mp;10;MOD_RIFLE_BULLET;torso_lower
  2:35 D;;2;allies;bot1;;-1;world;;cobra_20mm_mp;10;MOD_RIFLE_BULLET;left_hand
  2:35 D;;2;allies;bot1;;-1;world;;cobra_20mm_mp;10;MOD_RIFLE_BULLET;left_arm_lower
  2:35 D;;2;allies;bot1;;-1;world;;cobra_20mm_mp;10;MOD_RIFLE_BULLET;left_arm_lower
  2:35 D;;2;allies;bot1;;-1;world;;cobra_20mm_mp;10;MOD_RIFLE_BULLET;left_arm_lower
  2:35 D;;2;allies;bot1;;-1;world;;cobra_20mm_mp;10;MOD_RIFLE_BULLET;left_arm_lower
  2:35 D;;2;allies;bot1;;-1;world;;cobra_20mm_mp;10;MOD_RIFLE_BULLET;left_arm_lower
  2:35 K;;2;;bot1;;1;;bot0;cobra_20mm_mp;10;MOD_RIFLE_BULLET;left_arm_upper
  2:50 ShutdownGame:
  2:50 ------------------------------------------------------------
